{"F:\\windows\\Users\\Chris Castaneda\\Documents\\GitHub\\revature\\project1\\server\\src\\daos\\db.ts": {"path":"F:\\windows\\Users\\Chris Castaneda\\Documents\\GitHub\\revature\\project1\\server\\src\\daos\\db.ts","statementMap":{"0":{"start":{"line":1,"column":0},"end":{"line":1,"column":26}},"1":{"start":{"line":3,"column":13},"end":{"line":9,"column":3}}},"fnMap":{},"branchMap":{},"s":{"0":4,"1":4},"f":{},"b":{}}
,"F:\\windows\\Users\\Chris Castaneda\\Documents\\GitHub\\revature\\project1\\server\\src\\models\\ApprovalPatch.ts": {"path":"F:\\windows\\Users\\Chris Castaneda\\Documents\\GitHub\\revature\\project1\\server\\src\\models\\ApprovalPatch.ts","statementMap":{"0":{"start":{"line":35,"column":8},"end":{"line":35,"column":31}},"1":{"start":{"line":36,"column":8},"end":{"line":36,"column":29}},"2":{"start":{"line":37,"column":8},"end":{"line":37,"column":35}},"3":{"start":{"line":38,"column":8},"end":{"line":38,"column":41}},"4":{"start":{"line":39,"column":8},"end":{"line":39,"column":39}},"5":{"start":{"line":40,"column":8},"end":{"line":40,"column":31}},"6":{"start":{"line":41,"column":8},"end":{"line":41,"column":33}},"7":{"start":{"line":42,"column":8},"end":{"line":42,"column":37}},"8":{"start":{"line":43,"column":8},"end":{"line":43,"column":33}},"9":{"start":{"line":44,"column":8},"end":{"line":44,"column":25}},"10":{"start":{"line":16,"column":30},"end":{"line":26,"column":null}},"11":{"start":{"line":28,"column":8},"end":{"line":28,"column":29}},"12":{"start":{"line":2,"column":0},"end":{"line":2,"column":13}}},"fnMap":{"0":{"name":"(anonymous_0)","decl":{"start":{"line":32,"column":4},"end":{"line":32,"column":16}},"loc":{"start":{"line":33,"column":92},"end":{"line":45,"column":5}}},"1":{"name":"(anonymous_1)","decl":{"start":{"line":15,"column":4},"end":{"line":15,"column":10}},"loc":{"start":{"line":15,"column":40},"end":{"line":29,"column":5}}}},"branchMap":{},"s":{"0":2,"1":2,"2":2,"3":2,"4":2,"5":2,"6":2,"7":2,"8":2,"9":2,"10":0,"11":0,"12":3},"f":{"0":2,"1":0},"b":{}}
,"F:\\windows\\Users\\Chris Castaneda\\Documents\\GitHub\\revature\\project1\\server\\src\\models\\Reimburse.ts": {"path":"F:\\windows\\Users\\Chris Castaneda\\Documents\\GitHub\\revature\\project1\\server\\src\\models\\Reimburse.ts","statementMap":{"0":{"start":{"line":35,"column":8},"end":{"line":35,"column":31}},"1":{"start":{"line":36,"column":8},"end":{"line":36,"column":29}},"2":{"start":{"line":37,"column":8},"end":{"line":37,"column":35}},"3":{"start":{"line":38,"column":8},"end":{"line":38,"column":41}},"4":{"start":{"line":39,"column":8},"end":{"line":39,"column":39}},"5":{"start":{"line":40,"column":8},"end":{"line":40,"column":31}},"6":{"start":{"line":41,"column":8},"end":{"line":41,"column":33}},"7":{"start":{"line":42,"column":8},"end":{"line":42,"column":37}},"8":{"start":{"line":43,"column":8},"end":{"line":43,"column":33}},"9":{"start":{"line":44,"column":8},"end":{"line":44,"column":25}},"10":{"start":{"line":16,"column":26},"end":{"line":26,"column":null}},"11":{"start":{"line":28,"column":8},"end":{"line":28,"column":25}},"12":{"start":{"line":2,"column":0},"end":{"line":2,"column":13}}},"fnMap":{"0":{"name":"(anonymous_0)","decl":{"start":{"line":32,"column":4},"end":{"line":32,"column":16}},"loc":{"start":{"line":33,"column":92},"end":{"line":45,"column":5}}},"1":{"name":"(anonymous_1)","decl":{"start":{"line":15,"column":4},"end":{"line":15,"column":10}},"loc":{"start":{"line":15,"column":36},"end":{"line":29,"column":5}}}},"branchMap":{},"s":{"0":6,"1":6,"2":6,"3":6,"4":6,"5":6,"6":6,"7":6,"8":6,"9":6,"10":0,"11":0,"12":3},"f":{"0":6,"1":0},"b":{}}
,"F:\\windows\\Users\\Chris Castaneda\\Documents\\GitHub\\revature\\project1\\server\\src\\routers\\employee-router.ts": {"path":"F:\\windows\\Users\\Chris Castaneda\\Documents\\GitHub\\revature\\project1\\server\\src\\routers\\employee-router.ts","statementMap":{"0":{"start":{"line":1,"column":0},"end":{"line":1,"column":30}},"1":{"start":{"line":2,"column":0},"end":{"line":2,"column":64}},"2":{"start":{"line":9,"column":13},"end":{"line":9,"column":47}},"3":{"start":{"line":12,"column":0},"end":{"line":23,"column":3}},"4":{"start":{"line":12,"column":66},"end":{"line":23,"column":2}},"5":{"start":{"line":15,"column":4},"end":{"line":21,"column":null}},"6":{"start":{"line":16,"column":8},"end":{"line":16,"column":62}},"7":{"start":{"line":17,"column":8},"end":{"line":17,"column":34}},"8":{"start":{"line":19,"column":8},"end":{"line":19,"column":33}},"9":{"start":{"line":20,"column":8},"end":{"line":20,"column":15}},"10":{"start":{"line":22,"column":4},"end":{"line":22,"column":11}},"11":{"start":{"line":27,"column":0},"end":{"line":38,"column":3}},"12":{"start":{"line":27,"column":64},"end":{"line":38,"column":2}},"13":{"start":{"line":30,"column":4},"end":{"line":36,"column":null}},"14":{"start":{"line":31,"column":8},"end":{"line":31,"column":58}},"15":{"start":{"line":32,"column":8},"end":{"line":32,"column":32}},"16":{"start":{"line":34,"column":8},"end":{"line":34,"column":33}},"17":{"start":{"line":35,"column":8},"end":{"line":35,"column":15}},"18":{"start":{"line":37,"column":4},"end":{"line":37,"column":11}},"19":{"start":{"line":42,"column":0},"end":{"line":58,"column":4}},"20":{"start":{"line":42,"column":66},"end":{"line":58,"column":3}},"21":{"start":{"line":43,"column":22},"end":{"line":43,"column":34}},"22":{"start":{"line":44,"column":4},"end":{"line":44,"column":41}},"23":{"start":{"line":48,"column":4},"end":{"line":56,"column":null}},"24":{"start":{"line":49,"column":8},"end":{"line":49,"column":74}},"25":{"start":{"line":50,"column":8},"end":{"line":50,"column":29}},"26":{"start":{"line":51,"column":8},"end":{"line":51,"column":36}},"27":{"start":{"line":53,"column":8},"end":{"line":53,"column":33}},"28":{"start":{"line":54,"column":8},"end":{"line":54,"column":45}},"29":{"start":{"line":55,"column":8},"end":{"line":55,"column":15}},"30":{"start":{"line":57,"column":4},"end":{"line":57,"column":11}}},"fnMap":{"0":{"name":"(anonymous_14)","decl":{"start":{"line":12,"column":34},"end":{"line":12,"column":40}},"loc":{"start":{"line":12,"column":66},"end":{"line":23,"column":2}}},"1":{"name":"(anonymous_15)","decl":{"start":{"line":12,"column":66},"end":{"line":12,"column":null}},"loc":{"start":{"line":12,"column":66},"end":{"line":23,"column":1}}},"2":{"name":"(anonymous_16)","decl":{"start":{"line":27,"column":32},"end":{"line":27,"column":38}},"loc":{"start":{"line":27,"column":64},"end":{"line":38,"column":2}}},"3":{"name":"(anonymous_17)","decl":{"start":{"line":27,"column":64},"end":{"line":27,"column":null}},"loc":{"start":{"line":27,"column":64},"end":{"line":38,"column":1}}},"4":{"name":"(anonymous_18)","decl":{"start":{"line":42,"column":34},"end":{"line":42,"column":40}},"loc":{"start":{"line":42,"column":66},"end":{"line":58,"column":3}}},"5":{"name":"(anonymous_19)","decl":{"start":{"line":42,"column":66},"end":{"line":42,"column":null}},"loc":{"start":{"line":42,"column":66},"end":{"line":58,"column":2}}}},"branchMap":{},"s":{"0":1,"1":1,"2":1,"3":1,"4":2,"5":2,"6":2,"7":1,"8":1,"9":1,"10":1,"11":1,"12":2,"13":2,"14":2,"15":1,"16":1,"17":1,"18":1,"19":1,"20":2,"21":2,"22":2,"23":2,"24":2,"25":1,"26":1,"27":1,"28":1,"29":1,"30":1},"f":{"0":2,"1":2,"2":2,"3":2,"4":2,"5":2},"b":{}}
,"F:\\windows\\Users\\Chris Castaneda\\Documents\\GitHub\\revature\\project1\\server\\src\\routers\\manager-router.ts": {"path":"F:\\windows\\Users\\Chris Castaneda\\Documents\\GitHub\\revature\\project1\\server\\src\\routers\\manager-router.ts","statementMap":{"0":{"start":{"line":1,"column":0},"end":{"line":1,"column":30}},"1":{"start":{"line":2,"column":0},"end":{"line":2,"column":62}},"2":{"start":{"line":10,"column":13},"end":{"line":10,"column":46}},"3":{"start":{"line":13,"column":0},"end":{"line":24,"column":3}},"4":{"start":{"line":13,"column":65},"end":{"line":24,"column":2}},"5":{"start":{"line":16,"column":4},"end":{"line":22,"column":null}},"6":{"start":{"line":17,"column":8},"end":{"line":17,"column":61}},"7":{"start":{"line":18,"column":8},"end":{"line":18,"column":34}},"8":{"start":{"line":20,"column":8},"end":{"line":20,"column":33}},"9":{"start":{"line":21,"column":8},"end":{"line":21,"column":15}},"10":{"start":{"line":23,"column":4},"end":{"line":23,"column":11}},"11":{"start":{"line":27,"column":0},"end":{"line":45,"column":4}},"12":{"start":{"line":27,"column":65},"end":{"line":45,"column":3}},"13":{"start":{"line":28,"column":15},"end":{"line":28,"column":42}},"14":{"start":{"line":31,"column":4},"end":{"line":36,"column":null}},"15":{"start":{"line":32,"column":8},"end":{"line":32,"column":52}},"16":{"start":{"line":34,"column":8},"end":{"line":34,"column":33}},"17":{"start":{"line":35,"column":8},"end":{"line":35,"column":15}},"18":{"start":{"line":38,"column":4},"end":{"line":43,"column":null}},"19":{"start":{"line":40,"column":8},"end":{"line":40,"column":33}},"20":{"start":{"line":42,"column":8},"end":{"line":42,"column":28}},"21":{"start":{"line":44,"column":4},"end":{"line":44,"column":11}},"22":{"start":{"line":48,"column":0},"end":{"line":62,"column":3}},"23":{"start":{"line":48,"column":63},"end":{"line":62,"column":2}},"24":{"start":{"line":51,"column":4},"end":{"line":60,"column":null}},"25":{"start":{"line":53,"column":8},"end":{"line":53,"column":57}},"26":{"start":{"line":54,"column":8},"end":{"line":54,"column":32}},"27":{"start":{"line":56,"column":8},"end":{"line":56,"column":31}},"28":{"start":{"line":58,"column":8},"end":{"line":58,"column":33}},"29":{"start":{"line":59,"column":8},"end":{"line":59,"column":15}},"30":{"start":{"line":61,"column":4},"end":{"line":61,"column":11}},"31":{"start":{"line":66,"column":0},"end":{"line":85,"column":4}},"32":{"start":{"line":66,"column":66},"end":{"line":85,"column":3}},"33":{"start":{"line":67,"column":21},"end":{"line":67,"column":33}},"34":{"start":{"line":70,"column":4},"end":{"line":76,"column":null}},"35":{"start":{"line":71,"column":8},"end":{"line":71,"column":71}},"36":{"start":{"line":73,"column":8},"end":{"line":73,"column":33}},"37":{"start":{"line":74,"column":8},"end":{"line":74,"column":47}},"38":{"start":{"line":75,"column":8},"end":{"line":75,"column":15}},"39":{"start":{"line":78,"column":4},"end":{"line":83,"column":null}},"40":{"start":{"line":79,"column":8},"end":{"line":79,"column":33}},"41":{"start":{"line":81,"column":8},"end":{"line":81,"column":29}},"42":{"start":{"line":82,"column":8},"end":{"line":82,"column":39}},"43":{"start":{"line":84,"column":4},"end":{"line":84,"column":11}},"44":{"start":{"line":89,"column":0},"end":{"line":100,"column":3}},"45":{"start":{"line":89,"column":64},"end":{"line":100,"column":2}},"46":{"start":{"line":92,"column":4},"end":{"line":98,"column":null}},"47":{"start":{"line":93,"column":8},"end":{"line":93,"column":58}},"48":{"start":{"line":94,"column":8},"end":{"line":94,"column":32}},"49":{"start":{"line":96,"column":8},"end":{"line":96,"column":33}},"50":{"start":{"line":97,"column":8},"end":{"line":97,"column":15}},"51":{"start":{"line":99,"column":4},"end":{"line":99,"column":11}}},"fnMap":{"0":{"name":"(anonymous_14)","decl":{"start":{"line":13,"column":33},"end":{"line":13,"column":39}},"loc":{"start":{"line":13,"column":65},"end":{"line":24,"column":2}}},"1":{"name":"(anonymous_15)","decl":{"start":{"line":13,"column":65},"end":{"line":13,"column":null}},"loc":{"start":{"line":13,"column":65},"end":{"line":24,"column":1}}},"2":{"name":"(anonymous_16)","decl":{"start":{"line":27,"column":33},"end":{"line":27,"column":39}},"loc":{"start":{"line":27,"column":65},"end":{"line":45,"column":3}}},"3":{"name":"(anonymous_17)","decl":{"start":{"line":27,"column":65},"end":{"line":27,"column":null}},"loc":{"start":{"line":27,"column":65},"end":{"line":45,"column":2}}},"4":{"name":"(anonymous_18)","decl":{"start":{"line":48,"column":31},"end":{"line":48,"column":37}},"loc":{"start":{"line":48,"column":63},"end":{"line":62,"column":2}}},"5":{"name":"(anonymous_19)","decl":{"start":{"line":48,"column":63},"end":{"line":48,"column":null}},"loc":{"start":{"line":48,"column":63},"end":{"line":62,"column":1}}},"6":{"name":"(anonymous_20)","decl":{"start":{"line":66,"column":34},"end":{"line":66,"column":40}},"loc":{"start":{"line":66,"column":66},"end":{"line":85,"column":3}}},"7":{"name":"(anonymous_21)","decl":{"start":{"line":66,"column":66},"end":{"line":66,"column":null}},"loc":{"start":{"line":66,"column":66},"end":{"line":85,"column":2}}},"8":{"name":"(anonymous_22)","decl":{"start":{"line":89,"column":32},"end":{"line":89,"column":38}},"loc":{"start":{"line":89,"column":64},"end":{"line":100,"column":2}}},"9":{"name":"(anonymous_23)","decl":{"start":{"line":89,"column":64},"end":{"line":89,"column":null}},"loc":{"start":{"line":89,"column":64},"end":{"line":100,"column":1}}}},"branchMap":{"0":{"loc":{"start":{"line":38,"column":4},"end":{"line":43,"column":null}},"type":"if","locations":[{"start":{"line":38,"column":4},"end":{"line":43,"column":null}},{"start":{"line":38,"column":4},"end":{"line":43,"column":null}}]},"1":{"loc":{"start":{"line":78,"column":4},"end":{"line":83,"column":null}},"type":"if","locations":[{"start":{"line":78,"column":4},"end":{"line":83,"column":null}},{"start":{"line":78,"column":4},"end":{"line":83,"column":null}}]}},"s":{"0":1,"1":1,"2":1,"3":1,"4":2,"5":2,"6":2,"7":1,"8":1,"9":1,"10":1,"11":1,"12":3,"13":3,"14":3,"15":3,"16":1,"17":1,"18":2,"19":1,"20":1,"21":2,"22":1,"23":2,"24":2,"25":2,"26":1,"27":1,"28":1,"29":1,"30":1,"31":1,"32":3,"33":3,"34":3,"35":3,"36":1,"37":1,"38":1,"39":2,"40":1,"41":1,"42":1,"43":2,"44":1,"45":0,"46":0,"47":0,"48":0,"49":0,"50":0,"51":0},"f":{"0":2,"1":2,"2":3,"3":3,"4":2,"5":2,"6":3,"7":3,"8":0,"9":0},"b":{"0":[1,1],"1":[1,1]}}
,"F:\\windows\\Users\\Chris Castaneda\\Documents\\GitHub\\revature\\project1\\server\\src\\services\\employee-service.ts": {"path":"F:\\windows\\Users\\Chris Castaneda\\Documents\\GitHub\\revature\\project1\\server\\src\\services\\employee-service.ts","statementMap":{"0":{"start":{"line":3,"column":0},"end":{"line":3,"column":48}},"1":{"start":{"line":4,"column":0},"end":{"line":4,"column":52}},"2":{"start":{"line":9,"column":4},"end":{"line":9,"column":42}},"3":{"start":{"line":8,"column":0},"end":{"line":8,"column":16}},"4":{"start":{"line":15,"column":4},"end":{"line":15,"column":40}},"5":{"start":{"line":14,"column":0},"end":{"line":14,"column":16}},"6":{"start":{"line":23,"column":25},"end":{"line":33,"column":null}},"7":{"start":{"line":37,"column":4},"end":{"line":45,"column":6}},"8":{"start":{"line":41,"column":8},"end":{"line":41,"column":59}},"9":{"start":{"line":43,"column":8},"end":{"line":43,"column":34}},"10":{"start":{"line":44,"column":8},"end":{"line":44,"column":61}},"11":{"start":{"line":44,"column":48},"end":{"line":44,"column":59}},"12":{"start":{"line":20,"column":0},"end":{"line":20,"column":16}}},"fnMap":{"0":{"name":"getAllDashboards","decl":{"start":{"line":8,"column":16},"end":{"line":8,"column":32}},"loc":{"start":{"line":8,"column":32},"end":{"line":10,"column":1}}},"1":{"name":"getAllPendings","decl":{"start":{"line":14,"column":16},"end":{"line":14,"column":30}},"loc":{"start":{"line":14,"column":30},"end":{"line":16,"column":1}}},"2":{"name":"saveReimbursement","decl":{"start":{"line":20,"column":16},"end":{"line":20,"column":33}},"loc":{"start":{"line":20,"column":48},"end":{"line":46,"column":1}}},"3":{"name":"(anonymous_9)","decl":{"start":{"line":44,"column":27},"end":{"line":44,"column":28}},"loc":{"start":{"line":44,"column":48},"end":{"line":44,"column":59}}}},"branchMap":{"0":{"loc":{"start":{"line":37,"column":4},"end":{"line":45,"column":6}},"type":"if","locations":[{"start":{"line":37,"column":4},"end":{"line":45,"column":6}},{"start":{"line":37,"column":4},"end":{"line":45,"column":6}}]},"1":{"loc":{"start":{"line":37,"column":8},"end":{"line":37,"column":24}},"type":"binary-expr","locations":[{"start":{"line":37,"column":8},"end":{"line":37,"column":24}},{"start":{"line":37,"column":28},"end":{"line":37,"column":47}},{"start":{"line":37,"column":51},"end":{"line":37,"column":73}},{"start":{"line":38,"column":11},"end":{"line":38,"column":32}},{"start":{"line":38,"column":36},"end":{"line":38,"column":53}},{"start":{"line":38,"column":57},"end":{"line":38,"column":75}},{"start":{"line":39,"column":11},"end":{"line":39,"column":31}},{"start":{"line":39,"column":35},"end":{"line":39,"column":53}},{"start":{"line":39,"column":57},"end":{"line":39,"column":71}}]}},"s":{"0":2,"1":2,"2":0,"3":2,"4":0,"5":2,"6":6,"7":6,"8":3,"9":3,"10":3,"11":3,"12":2},"f":{"0":0,"1":0,"2":6,"3":3},"b":{"0":[3,3],"1":[6,5,5,5,5,5,5,5,4]}}
,"F:\\windows\\Users\\Chris Castaneda\\Documents\\GitHub\\revature\\project1\\server\\src\\services\\manager-service.ts": {"path":"F:\\windows\\Users\\Chris Castaneda\\Documents\\GitHub\\revature\\project1\\server\\src\\services\\manager-service.ts","statementMap":{"0":{"start":{"line":3,"column":0},"end":{"line":3,"column":56}},"1":{"start":{"line":4,"column":0},"end":{"line":4,"column":50}},"2":{"start":{"line":10,"column":4},"end":{"line":10,"column":41}},"3":{"start":{"line":9,"column":0},"end":{"line":9,"column":16}},"4":{"start":{"line":16,"column":4},"end":{"line":16,"column":39}},"5":{"start":{"line":15,"column":0},"end":{"line":15,"column":16}},"6":{"start":{"line":21,"column":4},"end":{"line":21,"column":40}},"7":{"start":{"line":20,"column":0},"end":{"line":20,"column":16}},"8":{"start":{"line":30,"column":21},"end":{"line":40,"column":null}},"9":{"start":{"line":43,"column":4},"end":{"line":47,"column":null}},"10":{"start":{"line":44,"column":8},"end":{"line":44,"column":31}},"11":{"start":{"line":46,"column":8},"end":{"line":46,"column":50}},"12":{"start":{"line":25,"column":0},"end":{"line":25,"column":16}},"13":{"start":{"line":53,"column":4},"end":{"line":53,"column":40}},"14":{"start":{"line":52,"column":0},"end":{"line":52,"column":16}}},"fnMap":{"0":{"name":"getAllDashboards","decl":{"start":{"line":9,"column":16},"end":{"line":9,"column":32}},"loc":{"start":{"line":9,"column":32},"end":{"line":11,"column":1}}},"1":{"name":"getAllPendings","decl":{"start":{"line":15,"column":16},"end":{"line":15,"column":30}},"loc":{"start":{"line":15,"column":30},"end":{"line":17,"column":1}}},"2":{"name":"getUserById","decl":{"start":{"line":20,"column":16},"end":{"line":20,"column":27}},"loc":{"start":{"line":20,"column":38},"end":{"line":22,"column":1}}},"3":{"name":"patchApproval","decl":{"start":{"line":25,"column":16},"end":{"line":25,"column":29}},"loc":{"start":{"line":25,"column":45},"end":{"line":48,"column":1}}},"4":{"name":"getApprovalById","decl":{"start":{"line":52,"column":16},"end":{"line":52,"column":31}},"loc":{"start":{"line":52,"column":31},"end":{"line":54,"column":1}}}},"branchMap":{"0":{"loc":{"start":{"line":43,"column":4},"end":{"line":47,"column":null}},"type":"if","locations":[{"start":{"line":43,"column":4},"end":{"line":47,"column":null}},{"start":{"line":43,"column":4},"end":{"line":47,"column":null}}]}},"s":{"0":2,"1":2,"2":0,"3":2,"4":0,"5":2,"6":0,"7":2,"8":2,"9":2,"10":1,"11":1,"12":2,"13":0,"14":2},"f":{"0":0,"1":0,"2":0,"3":2,"4":0},"b":{"0":[1,1]}}
}
