TN:
SF:src\daos\db.ts
FNF:0
FNH:0
DA:1,4
DA:3,4
LF:2
LH:2
BRF:0
BRH:0
end_of_record
TN:
SF:src\models\ApprovalPatch.ts
FN:32,(anonymous_0)
FN:15,(anonymous_1)
FNF:2
FNH:1
FNDA:2,(anonymous_0)
FNDA:0,(anonymous_1)
DA:2,3
DA:16,0
DA:28,0
DA:35,2
DA:36,2
DA:37,2
DA:38,2
DA:39,2
DA:40,2
DA:41,2
DA:42,2
DA:43,2
DA:44,2
LF:13
LH:11
BRF:0
BRH:0
end_of_record
TN:
SF:src\models\Reimburse.ts
FN:32,(anonymous_0)
FN:15,(anonymous_1)
FNF:2
FNH:1
FNDA:6,(anonymous_0)
FNDA:0,(anonymous_1)
DA:2,3
DA:16,0
DA:28,0
DA:35,6
DA:36,6
DA:37,6
DA:38,6
DA:39,6
DA:40,6
DA:41,6
DA:42,6
DA:43,6
DA:44,6
LF:13
LH:11
BRF:0
BRH:0
end_of_record
TN:
SF:src\routers\employee-router.ts
FN:12,(anonymous_14)
FN:12,(anonymous_15)
FN:27,(anonymous_16)
FN:27,(anonymous_17)
FN:42,(anonymous_18)
FN:42,(anonymous_19)
FNF:6
FNH:6
FNDA:2,(anonymous_14)
FNDA:2,(anonymous_15)
FNDA:2,(anonymous_16)
FNDA:2,(anonymous_17)
FNDA:2,(anonymous_18)
FNDA:2,(anonymous_19)
DA:1,1
DA:2,1
DA:9,1
DA:12,2
DA:15,2
DA:16,2
DA:17,1
DA:19,1
DA:20,1
DA:22,1
DA:27,2
DA:30,2
DA:31,2
DA:32,1
DA:34,1
DA:35,1
DA:37,1
DA:42,2
DA:43,2
DA:44,2
DA:48,2
DA:49,2
DA:50,1
DA:51,1
DA:53,1
DA:54,1
DA:55,1
DA:57,1
LF:28
LH:28
BRF:0
BRH:0
end_of_record
TN:
SF:src\routers\manager-router.ts
FN:13,(anonymous_14)
FN:13,(anonymous_15)
FN:27,(anonymous_16)
FN:27,(anonymous_17)
FN:48,(anonymous_18)
FN:48,(anonymous_19)
FN:66,(anonymous_20)
FN:66,(anonymous_21)
FN:89,(anonymous_22)
FN:89,(anonymous_23)
FNF:10
FNH:8
FNDA:2,(anonymous_14)
FNDA:2,(anonymous_15)
FNDA:3,(anonymous_16)
FNDA:3,(anonymous_17)
FNDA:2,(anonymous_18)
FNDA:2,(anonymous_19)
FNDA:3,(anonymous_20)
FNDA:3,(anonymous_21)
FNDA:0,(anonymous_22)
FNDA:0,(anonymous_23)
DA:1,1
DA:2,1
DA:10,1
DA:13,2
DA:16,2
DA:17,2
DA:18,1
DA:20,1
DA:21,1
DA:23,1
DA:27,3
DA:28,3
DA:31,3
DA:32,3
DA:34,1
DA:35,1
DA:38,2
DA:40,1
DA:42,1
DA:44,2
DA:48,2
DA:51,2
DA:53,2
DA:54,1
DA:56,1
DA:58,1
DA:59,1
DA:61,1
DA:66,3
DA:67,3
DA:70,3
DA:71,3
DA:73,1
DA:74,1
DA:75,1
DA:78,2
DA:79,1
DA:81,1
DA:82,1
DA:84,2
DA:89,1
DA:92,0
DA:93,0
DA:94,0
DA:96,0
DA:97,0
DA:99,0
LF:47
LH:41
BRDA:38,0,0,1
BRDA:38,0,1,1
BRDA:78,1,0,1
BRDA:78,1,1,1
BRF:4
BRH:4
end_of_record
TN:
SF:src\services\employee-service.ts
FN:8,getAllDashboards
FN:14,getAllPendings
FN:20,saveReimbursement
FN:44,(anonymous_9)
FNF:4
FNH:2
FNDA:0,getAllDashboards
FNDA:0,getAllPendings
FNDA:6,saveReimbursement
FNDA:3,(anonymous_9)
DA:3,2
DA:4,2
DA:8,2
DA:9,0
DA:14,2
DA:15,0
DA:20,2
DA:23,6
DA:37,6
DA:41,3
DA:43,3
DA:44,3
LF:12
LH:10
BRDA:37,0,0,3
BRDA:37,0,1,3
BRDA:37,1,0,6
BRDA:37,1,1,5
BRDA:37,1,2,5
BRDA:37,1,3,5
BRDA:37,1,4,5
BRDA:37,1,5,5
BRDA:37,1,6,5
BRDA:37,1,7,5
BRDA:37,1,8,4
BRF:11
BRH:11
end_of_record
TN:
SF:src\services\manager-service.ts
FN:9,getAllDashboards
FN:15,getAllPendings
FN:20,getUserById
FN:25,patchApproval
FN:52,getApprovalById
FNF:5
FNH:1
FNDA:0,getAllDashboards
FNDA:0,getAllPendings
FNDA:0,getUserById
FNDA:2,patchApproval
FNDA:0,getApprovalById
DA:3,2
DA:4,2
DA:9,2
DA:10,0
DA:15,2
DA:16,0
DA:20,2
DA:21,0
DA:25,2
DA:30,2
DA:43,2
DA:44,1
DA:46,1
DA:52,2
DA:53,0
LF:15
LH:11
BRDA:43,0,0,1
BRDA:43,0,1,1
BRF:2
BRH:2
end_of_record
